2022-11-21 11:58:20,094 | INFO | Finished setting up logger object
2022-11-21 11:58:20,095 | INFO | Finished setting up new predictions folder structure! Created new predictions sub-dir: False
2022-11-21 11:58:20,095 | INFO | Working on prediction bin (0.0, 0.1)
2022-11-21 11:58:20,114 | INFO | Successfully loaded annotation file for the ('coco_2017_res_bin_0.0_0.1_var',) dataset!
2022-11-21 11:58:23,687 | INFO | Loaded PTH prediction data from: /home/projects/bagon/andreyg/Projects/Variable_Resolution/Programming/maskrcnn_combined/trained_models/variable_pretrained_resnet/baseline_resnet_norm/inference/coco_2017_variable_val/predictions.pth
2022-11-21 11:58:23,830 | INFO | Working on prediction 0 on image 000000000139.jpg
2022-11-21 11:58:23,835 | INFO | Calculated segmentation area: 2407
2022-11-21 11:58:26,347 | INFO | Calculated segmentation area inside high-resolution region: 0
 | Ratio: 0.0 | 
2022-11-21 11:58:26,347 | INFO | Prediction 0 on image 000000000139.jpg was kept
2022-11-21 11:58:26,347 | INFO | Working on prediction 1 on image 000000000139.jpg
2022-11-21 11:58:26,351 | INFO | Calculated segmentation area: 1614
2022-11-21 11:58:27,875 | INFO | Calculated segmentation area inside high-resolution region: 0
 | Ratio: 0.0 | 
2022-11-21 11:58:27,875 | INFO | Prediction 1 on image 000000000139.jpg was kept
2022-11-21 11:58:27,875 | INFO | Working on prediction 2 on image 000000000139.jpg
2022-11-21 11:58:27,881 | INFO | Calculated segmentation area: 1825
2022-11-21 11:58:29,588 | INFO | Calculated segmentation area inside high-resolution region: 0
 | Ratio: 0.0 | 
2022-11-21 11:58:29,588 | INFO | Prediction 2 on image 000000000139.jpg was kept
2022-11-21 11:58:29,588 | INFO | Working on prediction 3 on image 000000000139.jpg
2022-11-21 11:58:29,594 | INFO | Calculated segmentation area: 644
2022-11-21 11:58:31,936 | INFO | Calculated segmentation area inside high-resolution region: 0
 | Ratio: 0.0 | 
2022-11-21 11:58:31,937 | INFO | Prediction 3 on image 000000000139.jpg was kept
2022-11-21 11:58:31,937 | INFO | Working on prediction 4 on image 000000000139.jpg
2022-11-21 11:58:31,942 | INFO | Calculated segmentation area: 1227
2022-11-21 11:58:33,955 | INFO | Calculated segmentation area inside high-resolution region: 0
 | Ratio: 0.0 | 
2022-11-21 11:58:33,955 | INFO | Prediction 4 on image 000000000139.jpg was kept
2022-11-21 11:58:33,955 | INFO | Working on prediction 5 on image 000000000139.jpg
2022-11-21 11:58:33,960 | INFO | Calculated segmentation area: 605
2022-11-21 11:58:35,636 | INFO | Calculated segmentation area inside high-resolution region: 0
 | Ratio: 0.0 | 
2022-11-21 11:58:35,636 | INFO | Prediction 5 on image 000000000139.jpg was kept
2022-11-21 11:58:35,636 | INFO | Working on prediction 6 on image 000000000139.jpg
2022-11-21 11:58:35,641 | INFO | Calculated segmentation area: 1437
2022-11-21 11:58:36,677 | INFO | Calculated segmentation area inside high-resolution region: 0
 | Ratio: 0.0 | 
2022-11-21 11:58:36,677 | INFO | Prediction 6 on image 000000000139.jpg was kept
2022-11-21 11:58:36,677 | INFO | Working on prediction 7 on image 000000000139.jpg
2022-11-21 11:58:36,682 | INFO | Calculated segmentation area: 515
2022-11-21 11:58:40,401 | INFO | Calculated segmentation area inside high-resolution region: 0
 | Ratio: 0.0 | 
2022-11-21 11:58:40,401 | INFO | Prediction 7 on image 000000000139.jpg was kept
2022-11-21 11:58:40,401 | INFO | Working on prediction 8 on image 000000000139.jpg
2022-11-21 11:58:40,408 | INFO | Calculated segmentation area: 1112
2022-11-21 11:58:42,823 | INFO | Calculated segmentation area inside high-resolution region: 0
 | Ratio: 0.0 | 
2022-11-21 11:58:42,823 | INFO | Prediction 8 on image 000000000139.jpg was kept
2022-11-21 11:58:42,823 | INFO | Working on prediction 9 on image 000000000139.jpg
2022-11-21 11:58:42,827 | INFO | Calculated segmentation area: 7440
2022-11-21 11:58:54,766 | INFO | Calculated segmentation area inside high-resolution region: 0
 | Ratio: 0.0 | 
2022-11-21 11:58:54,766 | INFO | Prediction 9 on image 000000000139.jpg was kept
2022-11-21 11:58:54,766 | INFO | Working on prediction 10 on image 000000000139.jpg
2022-11-21 11:58:54,771 | INFO | Calculated segmentation area: 1020
2022-11-21 11:58:57,743 | INFO | Calculated segmentation area inside high-resolution region: 0
 | Ratio: 0.0 | 
2022-11-21 11:58:57,744 | INFO | Prediction 10 on image 000000000139.jpg was kept
2022-11-21 11:58:57,744 | INFO | Working on prediction 11 on image 000000000139.jpg
2022-11-21 11:58:57,749 | INFO | Calculated segmentation area: 635
2022-11-21 11:59:00,132 | INFO | Calculated segmentation area inside high-resolution region: 0
 | Ratio: 0.0 | 
2022-11-21 11:59:00,132 | INFO | Prediction 11 on image 000000000139.jpg was kept
2022-11-21 11:59:00,132 | INFO | Working on prediction 12 on image 000000000139.jpg
2022-11-21 11:59:00,137 | INFO | Calculated segmentation area: 293
2022-11-21 11:59:06,448 | INFO | Calculated segmentation area inside high-resolution region: 293
 | Ratio: 1.0 | 
2022-11-21 11:59:06,448 | INFO | Prediction 12 on image 000000000139.jpg was deleted
2022-11-21 11:59:06,449 | INFO | Working on prediction 13 on image 000000000139.jpg
2022-11-21 11:59:06,454 | INFO | Calculated segmentation area: 151
